<?xml version="1.0" encoding="UTF-8"?>
<!-- Generated by org.testng.reporters.JUnitXMLReporter -->
<testsuite ignored="0" hostname="DESKTOP-1FR0E3T" failures="0" tests="2" name="Integration Test Cases" time="89.047" errors="0" timestamp="2025-07-24T00:08:18 IST">
  <testcase classname="AmazonPackage.AmazonProject.TestCase2_AddToCart" name="withvalidcredentials" time="38.955"/>
  <testcase classname="AmazonPackage.AmazonProject.TestCase1_LogintoAmazonLogout" name="withvalidcredentials" time="21.389"/>
</testsuite> <!-- Integration Test Cases -->
