<?xml version="1.0" encoding="UTF-8"?>
<!-- Generated by org.testng.reporters.JUnitXMLReporter -->
<testsuite ignored="0" hostname="DESKTOP-1FR0E3T" failures="0" tests="2" name="Integration Test Cases" time="93.768" errors="0" timestamp="2025-07-30T16:31:42 IST">
  <testcase classname="AmazonPackage.AmazonProject.TestCase2_AddToCart" name="withvalidcredentials" time="43.64"/>
  <testcase classname="AmazonPackage.AmazonProject.TestCase1_LogintoAmazonLogout" name="withvalidcredentials" time="25.882"/>
</testsuite> <!-- Integration Test Cases -->
